2025-12-30 15:11:54 - INFO - Beispiel-Bewertung für Unknown (F):
2025-12-30 15:11:54 - INFO -   Rohwerte: Goals=18, Assists=20, Points=38, PPG=1.36, +/-=16, PIM/G=1.07
2025-12-30 15:11:54 - INFO -   Normiert: G=1.000, A=0.873, P=0.993, PPG=1.000, PM=0.855, PIM=0.285
2025-12-30 15:11:54 - INFO -   Scores: Offense=0.998, Defense=0.570, Speed=0.833, Chem=0.632, Overall=0.829
2025-12-30 15:11:54 - INFO -   Ratings: Off=99, Def=74, Speed=89, Chem=77, Overall=89
2025-12-30 15:14:44 - INFO - Beispiel Stürmer: Unknown (F)
2025-12-30 15:14:44 - INFO -   Formel Offense: 0.5 * G_norm + 0.3 * P_norm + 0.2 * PPG_norm
2025-12-30 15:14:44 - INFO -   Rohwerte: Goals=18, Assists=20, Points=38, PPG=1.36, +/-=16, PIM/G=1.07
2025-12-30 15:14:44 - INFO -   Normiert (Z-Score 0-1): G=1.000, A=0.873, P=0.993, PPG=1.000, PM=0.855, PIM=0.285
2025-12-30 15:14:44 - INFO -   Scores (gewichtet): Offense=0.998, Defense=0.570, Speed=0.833, Chem=0.632, Overall=0.829
2025-12-30 15:14:44 - INFO -   Ratings (40-99): Off=99, Def=74, Speed=89, Chem=77, Overall=89
2025-12-30 15:14:44 - INFO - Beispiel Offensiver Verteidiger: Unknown (D)
2025-12-30 15:14:44 - INFO -   Formel Offense: 0.25 * G_norm + 0.35 * A_norm + 0.4 * PPG_norm (Assists belohnen!)
2025-12-30 15:14:44 - INFO -   Rohwerte: Goals=8, Assists=25, Points=33, PPG=1.10, +/-=15, PIM/G=0.20
2025-12-30 15:14:44 - INFO -   Normiert (Z-Score 0-1): G=0.662, A=1.000, P=0.903, PPG=0.870, PM=0.833, PIM=0.605
2025-12-30 15:14:44 - INFO -   Scores (gewichtet): Offense=0.864, Defense=0.765, Speed=0.770, Chem=0.703, Overall=0.801
2025-12-30 15:14:44 - INFO -   Ratings (40-99): Off=91, Def=85, Speed=85, Chem=81, Overall=87
2025-12-30 15:14:44 - INFO - Beispiel Defensiver Verteidiger: Unknown (D)
2025-12-30 15:14:44 - INFO -   Formel Defense: 0.7 * PM_norm + 0.3 * PIM_norm (Plus/Minus ist King!)
2025-12-30 15:14:44 - INFO -   Rohwerte: Goals=3, Assists=9, Points=12, PPG=0.39, +/-=19, PIM/G=0.55
2025-12-30 15:14:44 - INFO -   Normiert (Z-Score 0-1): G=0.464, A=0.566, P=0.526, PPG=0.493, PM=0.921, PIM=0.477
2025-12-30 15:14:44 - INFO -   Scores (gewichtet): Offense=0.511, Defense=0.788, Speed=0.551, Chem=0.720, Overall=0.644
2025-12-30 15:14:44 - INFO -   Ratings (40-99): Off=70, Def=86, Speed=73, Chem=82, Overall=78
2025-12-30 15:14:44 - INFO - Beispiel Goalie: Unknown (G)
2025-12-30 15:14:44 - INFO -   Formel Defense: 0.55 * SV%_norm + 0.35 * GAA_norm + 0.10 * Shots_norm (Save% ist entscheidend!)
2025-12-30 15:14:53 - INFO - Beispiel Stürmer: Unknown (F)
2025-12-30 15:14:53 - INFO -   Formel Offense: 0.5 * G_norm + 0.3 * P_norm + 0.2 * PPG_norm
2025-12-30 15:14:53 - INFO -   Rohwerte: Goals=18, Assists=20, Points=38, PPG=1.36, +/-=16, PIM/G=1.07
2025-12-30 15:14:53 - INFO -   Normiert (Z-Score 0-1): G=1.000, A=0.873, P=0.993, PPG=1.000, PM=0.855, PIM=0.285
2025-12-30 15:14:53 - INFO -   Scores (gewichtet): Offense=0.998, Defense=0.570, Speed=0.833, Chem=0.632, Overall=0.829
2025-12-30 15:14:53 - INFO -   Ratings (40-99): Off=99, Def=74, Speed=89, Chem=77, Overall=89
2025-12-30 15:14:53 - INFO - Beispiel Offensiver Verteidiger: Unknown (D)
2025-12-30 15:14:53 - INFO -   Formel Offense: 0.25 * G_norm + 0.35 * A_norm + 0.4 * PPG_norm (Assists belohnen!)
2025-12-30 15:14:53 - INFO -   Rohwerte: Goals=8, Assists=25, Points=33, PPG=1.10, +/-=15, PIM/G=0.20
2025-12-30 15:14:53 - INFO -   Normiert (Z-Score 0-1): G=0.662, A=1.000, P=0.903, PPG=0.870, PM=0.833, PIM=0.605
2025-12-30 15:14:53 - INFO -   Scores (gewichtet): Offense=0.864, Defense=0.765, Speed=0.770, Chem=0.703, Overall=0.801
2025-12-30 15:14:53 - INFO -   Ratings (40-99): Off=91, Def=85, Speed=85, Chem=81, Overall=87
2025-12-30 15:14:53 - INFO - Beispiel Defensiver Verteidiger: Unknown (D)
2025-12-30 15:14:53 - INFO -   Formel Defense: 0.7 * PM_norm + 0.3 * PIM_norm (Plus/Minus ist King!)
2025-12-30 15:14:53 - INFO -   Rohwerte: Goals=3, Assists=9, Points=12, PPG=0.39, +/-=19, PIM/G=0.55
2025-12-30 15:14:53 - INFO -   Normiert (Z-Score 0-1): G=0.464, A=0.566, P=0.526, PPG=0.493, PM=0.921, PIM=0.477
2025-12-30 15:14:53 - INFO -   Scores (gewichtet): Offense=0.511, Defense=0.788, Speed=0.551, Chem=0.720, Overall=0.644
2025-12-30 15:14:53 - INFO -   Ratings (40-99): Off=70, Def=86, Speed=73, Chem=82, Overall=78
2025-12-30 15:14:53 - INFO - Beispiel Goalie: Unknown (G)
2025-12-30 15:14:53 - INFO -   Formel Defense: 0.55 * SV%_norm + 0.35 * GAA_norm + 0.10 * Shots_norm (Save% ist entscheidend!)
2025-12-30 15:14:53 - INFO -   Rohwerte: GP=25, SV%=90.730, GAA=2.17, Shots=615, Wins=18, SO=1
2025-12-30 15:14:53 - INFO -   Normiert (Z-Score 0-1): SV%=0.907, GAA=0.737, Shots=0.745, GP=1.000, Min=1.000, Wins=1.000, SO=0.250
2025-12-30 15:14:53 - INFO -   Scores (gewichtet): Offense=0.923, Defense=0.831, Speed=0.877, Chem=0.925, Overall=0.859
2025-12-30 15:14:53 - INFO -   Ratings (40-99): Off=94, Def=89, Speed=92, Chem=95, Overall=91
